Run results:
content-pull: 1.09
service-pull: 0.77
upload-content: 0.14
upload-service: 0.01
service-provide: 21.30
content-provide: 829.04
wait-peers-content: 0.01
wait-peers-service: 0.01
publish-content: 16.98
publish-service: 7.54
unpin: 0.03

Run results:
content-pull: 1.08
service-pull: 0.75
upload-content: 0.14
upload-service: 0.02
service-provide: 10.89
content-provide: 777.98
wait-peers-content: 0.01
wait-peers-service: 0.01
publish-content: 7.70
publish-service: 11.97
unpin: 0.01

Run results:
content-pull: 1.06
service-pull: 0.73
upload-content: 0.15
upload-service: 0.05
service-provide: 11.74
content-provide: 737.17
wait-peers-content: 0.01
wait-peers-service: 0.01
publish-content: 9.24
publish-service: 12.14
unpin: 0.00

Run results:
content-pull: 1.05
service-pull: 0.74
upload-content: 0.14
upload-service: 0.02
service-provide: 10.42
content-provide: 708.82
wait-peers-content: 0.01
wait-peers-service: 0.01
publish-content: 9.73
publish-service: 17.41
unpin: 0.00

Run results:
content-pull: 1.06
service-pull: 0.75
upload-content: 0.14
upload-service: 0.02
service-provide: 9.98
content-provide: 773.83
wait-peers-content: 0.01
wait-peers-service: 0.01
publish-content: 8.34
publish-service: 8.66
unpin: 0.01

Run results:
content-pull: 1.08
service-pull: 0.71
upload-content: 0.18
upload-service: 0.05
service-provide: 11.68
content-provide: 739.41
wait-peers-content: 0.01
wait-peers-service: 0.01
publish-content: 7.87
publish-service: 7.84
unpin: 0.01

Run results:
content-pull: 1.11
service-pull: 0.73
upload-content: 0.16
upload-service: 0.03
service-provide: 19.77
content-provide: 712.19
wait-peers-content: 0.01
wait-peers-service: 0.01
publish-content: 17.88
publish-service: 8.79
unpin: 0.00

Run results:
content-pull: 1.12
service-pull: 0.73
upload-content: 0.16
upload-service: 0.02
service-provide: 11.12
content-provide: 733.29
wait-peers-content: 0.01
wait-peers-service: 0.01
publish-content: 21.82
publish-service: 8.93
unpin: 0.01

Run results:
content-pull: 1.07
service-pull: 0.76
upload-content: 0.16
upload-service: 0.02
service-provide: 18.05
content-provide: 726.55
wait-peers-content: 0.01
wait-peers-service: 0.00
publish-content: 7.81
publish-service: 8.75
unpin: 0.01

Run results:
content-pull: 1.12
service-pull: 0.76
upload-content: 0.10
upload-service: 0.04
service-provide: 11.20
content-provide: 741.20
wait-peers-content: 0.01
wait-peers-service: 0.01
publish-content: 22.48
publish-service: 8.63
unpin: 0.01

Run results:
content-pull: 1.12
service-pull: 0.75
upload-content: 0.22
upload-service: 0.05
service-provide: 11.19
content-provide: 851.26
wait-peers-content: 0.01
wait-peers-service: 0.01
publish-content: 22.45
publish-service: 9.68
unpin: 0.00

Run results:
content-pull: 1.08
service-pull: 0.76
upload-content: 0.14
upload-service: 0.07
service-provide: 11.63
content-provide: 723.16
wait-peers-content: 0.01
wait-peers-service: 0.01
publish-content: 21.69
publish-service: 8.71
unpin: 0.01

Run results:
content-pull: 1.20
service-pull: 0.79
upload-content: 0.14
upload-service: 0.03
service-provide: 10.90
content-provide: 713.54
wait-peers-content: 0.00
wait-peers-service: 0.01
publish-content: 21.39
publish-service: 9.56
unpin: 0.01

Run results:
content-pull: 1.06
service-pull: 0.74
upload-content: 0.21
upload-service: 0.05
service-provide: 27.62
content-provide: 735.01
wait-peers-content: 0.01
wait-peers-service: 0.01
publish-content: 22.53
publish-service: 17.76
unpin: 0.01

Run results:
content-pull: 1.05
service-pull: 0.74
upload-content: 0.16
upload-service: 0.03
service-provide: 26.21
content-provide: 732.59
wait-peers-content: 0.01
wait-peers-service: 0.01
publish-content: 21.74
publish-service: 8.78
unpin: 0.01

Run results:
content-pull: 1.21
service-pull: 0.82
upload-content: 0.13
upload-service: 0.02
service-provide: 26.26
content-provide: 682.64
wait-peers-content: 0.00
wait-peers-service: 0.00
publish-content: 23.02
publish-service: 9.82
unpin: 0.01

Run results:
content-pull: 1.17
service-pull: 0.86
upload-content: 0.14
upload-service: 0.02
service-provide: 10.97
content-provide: 687.44
wait-peers-content: 0.01
wait-peers-service: 0.00
publish-content: 22.87
publish-service: 17.72
unpin: 0.01

Run results:
content-pull: 1.07
service-pull: 0.75
upload-content: 0.19
upload-service: 0.04
service-provide: 10.91
content-provide: 735.16
wait-peers-content: 0.01
wait-peers-service: 0.01
publish-content: 21.90
publish-service: 7.62
unpin: 0.01

Run results:
content-pull: 1.10
service-pull: 0.74
upload-content: 0.19
upload-service: 0.02
service-provide: 15.85
content-provide: 749.30
wait-peers-content: 0.01
wait-peers-service: 0.01
publish-content: 22.10
publish-service: 7.61
unpin: 0.00

Run results:
content-pull: 1.07
service-pull: 0.77
upload-content: 0.22
upload-service: 0.03
service-provide: 8.84
content-provide: 716.78
wait-peers-content: 0.01
wait-peers-service: 0.01
publish-content: 23.65
publish-service: 8.04
unpin: 0.00
