Run results:
content-pull: 1.08
service-pull: 0.72
upload-content: 0.12
upload-service: 0.02
service-provide: 1.97
content-provide: 835.18
wait-peers-content: 0.01
wait-peers-service: 0.01
publish-content: 22.96
publish-service: 8.58
unpin: 4.62

Run results:
content-pull: 1.05
service-pull: 0.75
upload-content: 0.15
upload-service: 0.04
service-provide: 10.76
content-provide: 878.94
wait-peers-content: 0.00
wait-peers-service: 0.01
publish-content: 22.48
publish-service: 9.76
unpin: 0.01

Run results:
content-pull: 1.34
service-pull: 0.74
upload-content: 0.10
upload-service: 0.02
service-provide: 18.43
content-provide: 786.42
wait-peers-content: 0.01
wait-peers-service: 0.01
publish-content: 21.93
publish-service: 9.04
unpin: 0.01

Run results:
content-pull: 1.10
service-pull: 0.74
upload-content: 0.22
upload-service: 0.02
service-provide: 9.51
content-provide: 733.88
wait-peers-content: 0.01
wait-peers-service: 0.01
publish-content: 22.59
publish-service: 9.81
unpin: 0.01

Run results:
content-pull: 1.10
service-pull: 0.77
upload-content: 0.14
upload-service: 0.02
service-provide: 26.93
content-provide: 797.07
wait-peers-content: 0.01
wait-peers-service: 0.01
publish-content: 23.00
publish-service: 15.75
unpin: 0.01

Run results:
content-pull: 1.18
service-pull: 0.78
upload-content: 0.19
upload-service: 0.02
service-provide: 8.61
content-provide: 771.34
wait-peers-content: 0.00
wait-peers-service: 0.01
publish-content: 22.92
publish-service: 8.71
unpin: 0.01

Run results:
content-pull: 1.23
service-pull: 0.73
upload-content: 0.20
upload-service: 0.02
service-provide: 11.29
content-provide: 812.09
wait-peers-content: 0.00
wait-peers-service: 0.01
publish-content: 22.35
publish-service: 23.65
unpin: 0.01

Run results:
content-pull: 1.06
service-pull: 0.76
upload-content: 0.17
upload-service: 0.06
service-provide: 10.98
content-provide: 807.51
wait-peers-content: 0.01
wait-peers-service: 0.01
publish-content: 7.65
publish-service: 8.92
unpin: 0.01

Run results:
content-pull: 1.08
service-pull: 0.72
upload-content: 0.19
upload-service: 0.07
service-provide: 9.61
content-provide: 771.68
wait-peers-content: 0.01
wait-peers-service: 0.01
publish-content: 22.88
publish-service: 5.15
unpin: 0.01

Run results:
content-pull: 1.14
service-pull: 0.74
upload-content: 0.22
upload-service: 0.04
service-provide: 11.30
content-provide: 766.04
wait-peers-content: 0.01
wait-peers-service: 0.01
publish-content: 22.86
publish-service: 16.27
unpin: 0.01

Run results:
content-pull: 1.08
service-pull: 0.75
upload-content: 0.19
upload-service: 0.02
service-provide: 19.69
content-provide: 792.61
wait-peers-content: 0.01
wait-peers-service: 0.01
publish-content: 22.42
publish-service: 8.11
unpin: 0.01

Run results:
content-pull: 1.12
service-pull: 0.75
upload-content: 0.17
upload-service: 0.02
service-provide: 11.01
content-provide: 853.38
wait-peers-content: 0.01
wait-peers-service: 0.00
publish-content: 22.16
publish-service: 9.59
unpin: 0.01

Run results:
content-pull: 1.10
service-pull: 0.76
upload-content: 0.16
upload-service: 0.05
service-provide: 16.54
content-provide: 757.05
wait-peers-content: 0.01
wait-peers-service: 0.01
publish-content: 22.10
publish-service: 8.63
unpin: 0.01

Run results:
content-pull: 1.08
service-pull: 0.76
upload-content: 0.20
upload-service: 0.03
service-provide: 9.00
content-provide: 802.18
wait-peers-content: 0.01
wait-peers-service: 0.01
publish-content: 22.13
publish-service: 8.15
unpin: 0.01

Run results:
content-pull: 1.10
service-pull: 0.77
upload-content: 0.19
upload-service: 0.02
service-provide: 21.91
content-provide: 805.16
wait-peers-content: 0.01
wait-peers-service: 0.01
publish-content: 22.82
publish-service: 8.06
unpin: 0.01

Run results:
content-pull: 1.18
service-pull: 0.75
upload-content: 0.16
upload-service: 0.02
service-provide: 11.10
content-provide: 727.49
wait-peers-content: 0.01
wait-peers-service: 0.01
publish-content: 23.41
publish-service: 7.95
unpin: 0.01

Run results:
content-pull: 1.07
service-pull: 0.76
upload-content: 0.17
upload-service: 0.02
service-provide: 11.33
content-provide: 780.61
wait-peers-content: 0.01
wait-peers-service: 0.01
publish-content: 24.45
publish-service: 8.43
unpin: 0.01

Run results:
content-pull: 1.12
service-pull: 0.74
upload-content: 0.18
upload-service: 0.02
service-provide: 9.34
content-provide: 892.31
wait-peers-content: 0.01
wait-peers-service: 0.00
publish-content: 8.06
publish-service: 8.76
unpin: 0.01

Run results:
content-pull: 1.10
service-pull: 0.79
upload-content: 0.20
upload-service: 0.03
service-provide: 10.92
content-provide: 795.17
wait-peers-content: 0.01
wait-peers-service: 0.01
publish-content: 16.77
publish-service: 7.96
unpin: 0.01

Run results:
content-pull: 1.11
service-pull: 0.75
upload-content: 0.14
upload-service: 0.02
service-provide: 11.18
content-provide: 813.39
wait-peers-content: 0.01
wait-peers-service: 0.01
publish-content: 10.83
publish-service: 7.84
unpin: 0.01
