Run results:
content-pull: 1.15
service-pull: 0.72
upload-content: 0.12
upload-service: 0.03
service-provide: 20.88
content-provide: 351.90
wait-peers-content: 0.01
wait-peers-service: 0.01
publish-content: 30.57
publish-service: 8.68
unpin: 0.01

Run results:
content-pull: 1.13
service-pull: 0.75
upload-content: 0.10
upload-service: 0.02
service-provide: 13.78
content-provide: 354.57
wait-peers-content: 0.01
wait-peers-service: 0.01
publish-content: 30.28
publish-service: 8.59
unpin: 0.01

Run results:
content-pull: 1.10
service-pull: 0.72
upload-content: 0.12
upload-service: 0.02
service-provide: 20.31
content-provide: 330.13
wait-peers-content: 0.01
wait-peers-service: 0.01
publish-content: 8.13
publish-service: 18.23
unpin: 0.01

Run results:
content-pull: 1.08
service-pull: 0.74
upload-content: 0.11
upload-service: 0.02
service-provide: 11.25
content-provide: 327.86
wait-peers-content: 0.01
wait-peers-service: 0.01
publish-content: 7.46
publish-service: 7.85
unpin: 0.01

Run results:
content-pull: 1.07
service-pull: 0.76
upload-content: 0.08
upload-service: 0.07
service-provide: 11.33
content-provide: 356.56
wait-peers-content: 0.00
wait-peers-service: 0.01
publish-content: 8.25
publish-service: 8.29
unpin: 0.01

Run results:
content-pull: 1.05
service-pull: 0.78
upload-content: 0.13
upload-service: 0.03
service-provide: 11.17
content-provide: 361.15
wait-peers-content: 0.01
wait-peers-service: 0.01
publish-content: 7.42
publish-service: 7.75
unpin: 0.01

Run results:
content-pull: 1.13
service-pull: 0.76
upload-content: 0.14
upload-service: 0.02
service-provide: 10.85
content-provide: 408.23
wait-peers-content: 0.01
wait-peers-service: 0.01
publish-content: 9.15
publish-service: 21.58
unpin: 0.01

Run results:
content-pull: 1.08
service-pull: 0.77
upload-content: 0.11
upload-service: 0.02
service-provide: 16.35
content-provide: 372.69
wait-peers-content: 0.01
wait-peers-service: 0.01
publish-content: 8.67
publish-service: 7.44
unpin: 0.01

Run results:
content-pull: 1.05
service-pull: 0.87
upload-content: 0.14
upload-service: 0.03
service-provide: 10.99
content-provide: 389.95
wait-peers-content: 0.01
wait-peers-service: 0.01
publish-content: 16.79
publish-service: 16.77
unpin: 0.01

Run results:
content-pull: 1.08
service-pull: 0.74
upload-content: 0.10
upload-service: 0.02
service-provide: 11.28
content-provide: 334.22
wait-peers-content: 0.01
wait-peers-service: 0.01
publish-content: 7.10
publish-service: 7.71
unpin: 0.01

Run results:
content-pull: 1.06
service-pull: 0.76
upload-content: 0.07
upload-service: 0.02
service-provide: 12.96
content-provide: 390.08
wait-peers-content: 0.01
wait-peers-service: 0.01
publish-content: 9.01
publish-service: 7.34
unpin: 0.00

Run results:
content-pull: 1.06
service-pull: 0.74
upload-content: 0.07
upload-service: 0.06
service-provide: 10.84
content-provide: 381.74
wait-peers-content: 0.01
wait-peers-service: 0.01
publish-content: 8.46
publish-service: 7.94
unpin: 0.00

Run results:
content-pull: 1.11
service-pull: 0.72
upload-content: 0.11
upload-service: 0.03
service-provide: 11.17
content-provide: 359.60
wait-peers-content: 0.01
wait-peers-service: 0.01
publish-content: 17.33
publish-service: 8.02
unpin: 0.01

Run results:
content-pull: 1.05
service-pull: 0.75
upload-content: 0.15
upload-service: 0.03
service-provide: 11.59
content-provide: 391.54
wait-peers-content: 0.01
wait-peers-service: 0.00
publish-content: 17.01
publish-service: 8.17
unpin: 0.01

Run results:
content-pull: 1.07
service-pull: 0.76
upload-content: 0.10
upload-service: 0.06
service-provide: 11.14
content-provide: 381.76
wait-peers-content: 0.01
wait-peers-service: 0.01
publish-content: 22.43
publish-service: 22.70
unpin: 0.01

Run results:
content-pull: 1.05
service-pull: 0.77
upload-content: 0.08
upload-service: 0.02
service-provide: 16.20
content-provide: 389.59
wait-peers-content: 0.01
wait-peers-service: 0.01
publish-content: 7.95
publish-service: 22.25
unpin: 0.01

Run results:
content-pull: 1.06
service-pull: 0.77
upload-content: 0.12
upload-service: 0.03
service-provide: 11.47
content-provide: 377.10
wait-peers-content: 0.01
wait-peers-service: 0.01
publish-content: 8.92
publish-service: 22.55
unpin: 0.01

Run results:
content-pull: 1.13
service-pull: 0.76
upload-content: 0.11
upload-service: 0.03
service-provide: 11.28
content-provide: 378.46
wait-peers-content: 0.01
wait-peers-service: 0.01
publish-content: 15.85
publish-service: 22.94
unpin: 0.01

Run results:
content-pull: 1.08
service-pull: 0.72
upload-content: 0.13
upload-service: 0.02
service-provide: 11.06
content-provide: 419.87
wait-peers-content: 0.01
wait-peers-service: 0.01
publish-content: 9.92
publish-service: 23.31
unpin: 0.01

Run results:
content-pull: 1.10
service-pull: 0.79
upload-content: 0.07
upload-service: 0.04
service-provide: 11.38
content-provide: 392.40
wait-peers-content: 0.01
wait-peers-service: 0.01
publish-content: 7.81
publish-service: 8.02
unpin: 0.01
