
Run results:
content-pull: 1.12
service-pull: 0.77
upload-content: 0.12
upload-service: 0.02
service-provide: 10.80
content-provide: 392.19
wait-peers-content: 0.01
wait-peers-service: 0.01
publish-content: 23.79
publish-service: 9.10
unpin: 0.02

Run results:
content-pull: 1.09
service-pull: 0.78
upload-content: 0.12
upload-service: 0.02
service-provide: 10.39
content-provide: 365.85
wait-peers-content: 0.01
wait-peers-service: 0.01
publish-content: 23.65
publish-service: 8.22
unpin: 0.01

Run results:
content-pull: 1.10
service-pull: 0.74
upload-content: 0.12
upload-service: 0.02
service-provide: 11.21
content-provide: 366.18
wait-peers-content: 0.01
wait-peers-service: 0.00
publish-content: 22.89
publish-service: 8.50
unpin: 0.01

Run results:
content-pull: 1.11
service-pull: 0.75
upload-content: 0.20
upload-service: 0.03
service-provide: 11.91
content-provide: 372.52
wait-peers-content: 0.01
wait-peers-service: 0.01
publish-content: 22.60
publish-service: 23.02
unpin: 0.01

Run results:
content-pull: 1.08
service-pull: 0.73
upload-content: 0.09
upload-service: 0.06
service-provide: 11.51
content-provide: 392.74
wait-peers-content: 0.01
wait-peers-service: 0.01
publish-content: 22.49
publish-service: 7.81
unpin: 0.01

Run results:
content-pull: 1.12
service-pull: 0.82
upload-content: 0.08
upload-service: 0.02
service-provide: 9.78
content-provide: 344.86
wait-peers-content: 0.01
wait-peers-service: 0.00
publish-content: 22.62
publish-service: 22.13
unpin: 0.01

Run results:
content-pull: 1.07
service-pull: 0.78
upload-content: 0.11
upload-service: 0.05
service-provide: 11.37
content-provide: 385.03
wait-peers-content: 0.01
wait-peers-service: 0.01
publish-content: 22.38
publish-service: 8.15
unpin: 0.01

Run results:
content-pull: 1.08
service-pull: 0.73
upload-content: 0.12
upload-service: 0.04
service-provide: 20.78
content-provide: 361.95
wait-peers-content: 0.01
wait-peers-service: 0.01
publish-content: 22.42
publish-service: 8.37
unpin: 0.01

Run results:
content-pull: 1.11
service-pull: 0.79
upload-content: 0.08
upload-service: 0.03
service-provide: 11.33
content-provide: 398.21
wait-peers-content: 0.01
wait-peers-service: 0.01
publish-content: 22.17
publish-service: 22.67
unpin: 0.01

Run results:
content-pull: 1.08
service-pull: 0.76
upload-content: 0.08
upload-service: 0.04
service-provide: 10.84
content-provide: 334.11
wait-peers-content: 0.01
wait-peers-service: 0.01
publish-content: 22.85
publish-service: 8.84
unpin: 0.01

Run results:
content-pull: 1.07
service-pull: 0.76
upload-content: 0.13
upload-service: 0.01
service-provide: 10.53
content-provide: 345.05
wait-peers-content: 0.01
wait-peers-service: 0.01
publish-content: 22.91
publish-service: 10.83
unpin: 0.01

Run results:
content-pull: 1.10
service-pull: 0.75
upload-content: 0.14
upload-service: 0.03
service-provide: 10.94
content-provide: 412.30
wait-peers-content: 0.01
wait-peers-service: 0.00
publish-content: 22.38
publish-service: 8.52
unpin: 0.01

Run results:
content-pull: 1.11
service-pull: 0.75
upload-content: 0.07
upload-service: 0.04
service-provide: 9.81
content-provide: 374.77
wait-peers-content: 0.01
wait-peers-service: 0.01
publish-content: 22.81
publish-service: 8.00
unpin: 0.01

Run results:
content-pull: 1.06
service-pull: 0.74
upload-content: 0.07
upload-service: 0.05
service-provide: 11.30
content-provide: 372.77
wait-peers-content: 0.01
wait-peers-service: 0.01
publish-content: 22.09
publish-service: 8.85
unpin: 0.01

Run results:
content-pull: 1.13
service-pull: 0.77
upload-content: 0.13
upload-service: 0.02
service-provide: 20.32
content-provide: 387.87
wait-peers-content: 0.01
wait-peers-service: 0.01
publish-content: 22.51
publish-service: 19.57
unpin: 0.01

Run results:
content-pull: 1.09
service-pull: 0.77
upload-content: 0.12
upload-service: 0.02
service-provide: 11.45
content-provide: 342.66
wait-peers-content: 0.01
wait-peers-service: 0.01
publish-content: 22.81
publish-service: 9.84
unpin: 0.01

Run results:
content-pull: 1.08
service-pull: 0.81
upload-content: 0.09
upload-service: 0.03
service-provide: 12.05
content-provide: 306.15
wait-peers-content: 0.01
wait-peers-service: 0.01
publish-content: 21.94
publish-service: 21.07
unpin: 0.01

Run results:
content-pull: 1.09
service-pull: 0.79
upload-content: 0.12
upload-service: 0.02
service-provide: 19.98
content-provide: 336.76
wait-peers-content: 0.01
wait-peers-service: 0.01
publish-content: 22.29
publish-service: 13.08
unpin: 0.01

Run results:
content-pull: 1.04
service-pull: 0.79
upload-content: 0.08
upload-service: 0.02
service-provide: 11.18
content-provide: 335.67
wait-peers-content: 0.01
wait-peers-service: 0.01
publish-content: 22.95
publish-service: 7.43
unpin: 0.01

Run results:
content-pull: 1.11
service-pull: 0.77
upload-content: 0.11
upload-service: 0.02
service-provide: 10.94
content-provide: 362.88
wait-peers-content: 0.01
wait-peers-service: 0.00
publish-content: 22.54
publish-service: 9.47
unpin: 0.01
