
Run results:
content-pull: 1.12
service-pull: 0.76
upload-content: 0.27
upload-service: 0.04
service-provide: 11.49
content-provide: 815.43
wait-peers-content: 0.01
wait-peers-service: 0.00
publish-content: 9.07
publish-service: 12.86
unpin: 0.04

Run results:
content-pull: 1.34
service-pull: 0.72
upload-content: 0.16
upload-service: 0.03
service-provide: 11.01
content-provide: 828.90
wait-peers-content: 0.01
wait-peers-service: 0.00
publish-content: 9.67
publish-service: 23.03
unpin: 0.01

Run results:
content-pull: 1.06
service-pull: 0.77
upload-content: 0.19
upload-service: 0.07
service-provide: 20.31
content-provide: 855.82
wait-peers-content: 0.01
wait-peers-service: 0.01
publish-content: 8.96
publish-service: 19.48
unpin: 0.01

Run results:
content-pull: 1.08
service-pull: 0.75
upload-content: 0.18
upload-service: 0.07
service-provide: 20.41
content-provide: 887.75
wait-peers-content: 0.01
wait-peers-service: 0.01
publish-content: 14.90
publish-service: 22.50
unpin: 0.01

Run results:
content-pull: 1.08
service-pull: 0.76
upload-content: 0.19
upload-service: 0.02
service-provide: 11.39
content-provide: 879.57
wait-peers-content: 0.01
wait-peers-service: 0.01
publish-content: 22.27
publish-service: 22.69
unpin: 0.01

Run results:
content-pull: 1.05
service-pull: 0.72
upload-content: 0.14
upload-service: 0.03
service-provide: 11.84
content-provide: 817.73
wait-peers-content: 0.01
wait-peers-service: 0.01
publish-content: 23.18
publish-service: 22.71
unpin: 0.01

Run results:
content-pull: 1.08
service-pull: 0.73
upload-content: 0.19
upload-service: 0.02
service-provide: 11.36
content-provide: 876.40
wait-peers-content: 0.01
wait-peers-service: 0.01
publish-content: 22.77
publish-service: 7.91
unpin: 0.00

Run results:
content-pull: 1.06
service-pull: 0.73
upload-content: 0.14
upload-service: 0.06
service-provide: 11.04
content-provide: 873.54
wait-peers-content: 0.01
wait-peers-service: 0.01
publish-content: 23.89
publish-service: 7.31
unpin: 0.01

Run results:
content-pull: 1.07
service-pull: 0.79
upload-content: 0.15
upload-service: 0.07
service-provide: 11.07
content-provide: 870.97
wait-peers-content: 0.01
wait-peers-service: 0.00
publish-content: 23.23
publish-service: 8.39
unpin: 0.01

Run results:
content-pull: 1.09
service-pull: 0.74
upload-content: 0.13
upload-service: 0.02
service-provide: 11.13
content-provide: 866.66
wait-peers-content: 0.01
wait-peers-service: 0.01
publish-content: 23.54
publish-service: 8.18
unpin: 0.01

Run results:
content-pull: 1.07
service-pull: 0.75
upload-content: 0.16
upload-service: 0.02
service-provide: 10.99
content-provide: 863.30
wait-peers-content: 0.00
wait-peers-service: 0.00
publish-content: 22.85
publish-service: 7.68
unpin: 0.01

Run results:
content-pull: 1.13
service-pull: 0.74
upload-content: 0.19
upload-service: 0.05
service-provide: 11.42
content-provide: 858.71
wait-peers-content: 0.01
wait-peers-service: 0.01
publish-content: 23.19
publish-service: 9.00
unpin: 0.01

Run results:
content-pull: 1.10
service-pull: 0.73
upload-content: 0.19
upload-service: 0.05
service-provide: 18.14
content-provide: 845.77
wait-peers-content: 0.01
wait-peers-service: 0.01
publish-content: 23.04
publish-service: 8.46
unpin: 0.01

Run results:
content-pull: 1.11
service-pull: 0.79
upload-content: 0.13
upload-service: 0.05
service-provide: 25.84
content-provide: 874.91
wait-peers-content: 0.00
wait-peers-service: 0.00
publish-content: 22.07
publish-service: 7.89
unpin: 0.01

Run results:
content-pull: 1.07
service-pull: 0.74
upload-content: 0.19
upload-service: 0.04
service-provide: 25.89
content-provide: 918.36
wait-peers-content: 0.01
wait-peers-service: 0.01
publish-content: 22.68
publish-service: 8.03
unpin: 0.01

Run results:
content-pull: 1.11
service-pull: 0.72
upload-content: 0.20
upload-service: 0.03
service-provide: 34.34
content-provide: 887.17
wait-peers-content: 0.01
wait-peers-service: 0.01
publish-content: 31.09
publish-service: 10.86
unpin: 0.01

Run results:
content-pull: 1.11
service-pull: 0.76
upload-content: 0.21
upload-service: 0.05
service-provide: 11.11
content-provide: 890.20
wait-peers-content: 0.01
wait-peers-service: 0.01
publish-content: 64.20
publish-service: 8.48
unpin: 0.01

Run results:
content-pull: 1.36
service-pull: 0.75
upload-content: 0.16
upload-service: 0.06
service-provide: 11.85
content-provide: 866.42
wait-peers-content: 0.00
wait-peers-service: 0.01
publish-content: 67.29
publish-service: 9.53
unpin: 0.01

Run results:
content-pull: 1.06
service-pull: 0.74
upload-content: 0.17
upload-service: 0.02
service-provide: 16.37
content-provide: 875.25
wait-peers-content: 0.01
wait-peers-service: 0.00
publish-content: 37.85
publish-service: 8.47
unpin: 0.00

Run results:
content-pull: 1.05
service-pull: 0.70
upload-content: 0.19
upload-service: 0.07
service-provide: 16.42
content-provide: 909.37
wait-peers-content: 0.00
wait-peers-service: 0.01
publish-content: 22.69
publish-service: 21.64
unpin: 0.01
