Run results:
content-pull: 1.09
service-pull: 0.77
upload-content: 0.12
upload-service: 0.02
service-provide: 9.03
content-provide: 817.85
wait-peers-content: 0.01
wait-peers-service: 0.01
publish-content: 23.33
publish-service: 8.18
unpin: 0.02

Run results:
content-pull: 1.09
service-pull: 0.76
upload-content: 0.18
upload-service: 0.02
service-provide: 10.62
content-provide: 782.70
wait-peers-content: 0.01
wait-peers-service: 0.01
publish-content: 8.17
publish-service: 22.85
unpin: 0.01

Run results:
content-pull: 1.12
service-pull: 0.76
upload-content: 0.15
upload-service: 0.01
service-provide: 9.47
content-provide: 898.09
wait-peers-content: 0.01
wait-peers-service: 0.01
publish-content: 22.37
publish-service: 22.76
unpin: 0.01

Run results:
content-pull: 1.06
service-pull: 0.85
upload-content: 0.21
upload-service: 0.01
service-provide: 19.64
content-provide: 921.54
wait-peers-content: 0.01
wait-peers-service: 0.01
publish-content: 22.82
publish-service: 13.35
unpin: 0.01

Run results:
content-pull: 1.11
service-pull: 0.75
upload-content: 0.14
upload-service: 0.02
service-provide: 10.47
content-provide: 874.96
wait-peers-content: 0.01
wait-peers-service: 0.01
publish-content: 10.97
publish-service: 22.77
unpin: 0.01

Run results:
content-pull: 1.12
service-pull: 0.90
upload-content: 0.10
upload-service: 0.05
service-provide: 10.99
content-provide: 823.76
wait-peers-content: 0.01
wait-peers-service: 0.01
publish-content: 15.26
publish-service: 22.05
unpin: 0.01

Run results:
content-pull: 1.08
service-pull: 0.76
upload-content: 0.14
upload-service: 0.01
service-provide: 10.47
content-provide: 744.83
wait-peers-content: 0.01
wait-peers-service: 0.01
publish-content: 22.89
publish-service: 8.60
unpin: 0.01

Run results:
content-pull: 1.14
service-pull: 0.78
upload-content: 0.13
upload-service: 0.02
service-provide: 11.01
content-provide: 796.59
wait-peers-content: 0.01
wait-peers-service: 0.01
publish-content: 22.87
publish-service: 8.36
unpin: 0.01

Run results:
content-pull: 1.09
service-pull: 0.81
upload-content: 0.24
upload-service: 0.07
service-provide: 9.76
content-provide: 856.37
wait-peers-content: 0.01
wait-peers-service: 0.00
publish-content: 21.92
publish-service: 8.12
unpin: 0.01

Run results:
content-pull: 1.09
service-pull: 0.77
upload-content: 0.23
upload-service: 0.02
service-provide: 12.27
content-provide: 847.89
wait-peers-content: 0.00
wait-peers-service: 0.00
publish-content: 22.24
publish-service: 7.28
unpin: 0.01

Run results:
content-pull: 1.08
service-pull: 0.75
upload-content: 0.18
upload-service: 0.03
service-provide: 10.95
content-provide: 850.00
wait-peers-content: 0.01
wait-peers-service: 0.00
publish-content: 22.44
publish-service: 22.33
unpin: 0.01

Run results:
content-pull: 1.11
service-pull: 0.79
upload-content: 0.20
upload-service: 0.02
service-provide: 20.27
content-provide: 812.15
wait-peers-content: 0.01
wait-peers-service: 0.01
publish-content: 21.83
publish-service: 21.80
unpin: 0.01

Run results:
content-pull: 1.20
service-pull: 0.74
upload-content: 0.16
upload-service: 0.04
service-provide: 11.02
content-provide: 809.16
wait-peers-content: 0.01
wait-peers-service: 0.01
publish-content: 23.36
publish-service: 17.55
unpin: 0.01

Run results:
content-pull: 1.08
service-pull: 0.75
upload-content: 0.22
upload-service: 0.02
service-provide: 11.19
content-provide: 845.93
wait-peers-content: 0.01
wait-peers-service: 0.01
publish-content: 22.61
publish-service: 14.71
unpin: 0.01

Run results:
content-pull: 1.08
service-pull: 0.81
upload-content: 0.19
upload-service: 0.02
service-provide: 11.10
content-provide: 829.54
wait-peers-content: 0.00
wait-peers-service: 0.01
publish-content: 22.42
publish-service: 9.30
unpin: 0.01

Run results:
content-pull: 1.21
service-pull: 0.75
upload-content: 0.21
upload-service: 0.02
service-provide: 9.82
content-provide: 772.42
wait-peers-content: 0.01
wait-peers-service: 0.01
publish-content: 22.04
publish-service: 8.20
unpin: 0.01

Run results:
content-pull: 1.09
service-pull: 0.76
upload-content: 0.24
upload-service: 0.07
service-provide: 11.01
content-provide: 817.39
wait-peers-content: 0.01
wait-peers-service: 0.01
publish-content: 22.96
publish-service: 7.80
unpin: 0.01

Run results:
content-pull: 1.08
service-pull: 0.80
upload-content: 0.17
upload-service: 0.02
service-provide: 11.13
content-provide: 834.11
wait-peers-content: 0.01
wait-peers-service: 0.00
publish-content: 23.12
publish-service: 7.46
unpin: 0.01

Run results:
content-pull: 1.08
service-pull: 0.78
upload-content: 0.11
upload-service: 0.04
service-provide: 6.82
content-provide: 819.49
wait-peers-content: 0.01
wait-peers-service: 0.01
publish-content: 22.03
publish-service: 8.65
unpin: 0.01

Run results:
content-pull: 1.12
service-pull: 0.79
upload-content: 0.21
upload-service: 0.02
service-provide: 9.07
content-provide: 846.47
wait-peers-content: 0.01
wait-peers-service: 0.01
publish-content: 23.31
publish-service: 16.00
unpin: 0.01
