
Run results:
content-pull: 1.13
service-pull: 0.75
upload-content: 0.03
upload-service: 0.02
service-provide: 19.27
content-provide: 20.37
wait-peers-content: 0.01
wait-peers-service: 0.01
publish-content: 62.74
publish-service: 8.98
unpin: 0.03

Run results:
content-pull: 1.06
service-pull: 0.76
upload-content: 0.03
upload-service: 0.02
service-provide: 11.29
content-provide: 25.26
wait-peers-content: 0.00
wait-peers-service: 0.01
publish-content: 65.53
publish-service: 7.70
unpin: 0.01

Run results:
content-pull: 1.09
service-pull: 0.76
upload-content: 0.03
upload-service: 0.02
service-provide: 11.53
content-provide: 25.34
wait-peers-content: 0.01
wait-peers-service: 0.01
publish-content: 75.85
publish-service: 22.90
unpin: 0.01

Run results:
content-pull: 1.08
service-pull: 0.77
upload-content: 0.05
upload-service: 0.02
service-provide: 25.71
content-provide: 42.09
wait-peers-content: 0.01
wait-peers-service: 0.01
publish-content: 63.12
publish-service: 22.41
unpin: 0.01

Run results:
content-pull: 1.06
service-pull: 0.78
upload-content: 0.05
upload-service: 0.02
service-provide: 11.35
content-provide: 18.63
wait-peers-content: 0.01
wait-peers-service: 0.01
publish-content: 61.89
publish-service: 22.57
unpin: 0.01

Run results:
content-pull: 1.05
service-pull: 0.73
upload-content: 0.05
upload-service: 0.02
service-provide: 10.44
content-provide: 14.88
wait-peers-content: 0.01
wait-peers-service: 0.01
publish-content: 61.48
publish-service: 23.08
unpin: 0.01

Run results:
content-pull: 1.07
service-pull: 0.76
upload-content: 0.02
upload-service: 0.01
service-provide: 12.61
content-provide: 18.96
wait-peers-content: 0.01
wait-peers-service: 0.01
publish-content: 61.59
publish-service: 13.68
unpin: 0.01

Run results:
content-pull: 1.09
service-pull: 0.74
upload-content: 0.05
upload-service: 0.05
service-provide: 19.72
content-provide: 15.18
wait-peers-content: 0.01
wait-peers-service: 0.01
publish-content: 78.75
publish-service: 8.32
unpin: 0.01

Run results:
content-pull: 1.04
service-pull: 0.75
upload-content: 0.05
upload-service: 0.05
service-provide: 21.03
content-provide: 10.79
wait-peers-content: 0.01
wait-peers-service: 0.01
publish-content: 61.85
publish-service: 22.71
unpin: 0.01

Run results:
content-pull: 1.09
service-pull: 0.73
upload-content: 0.04
upload-service: 0.02
service-provide: 9.55
content-provide: 22.52
wait-peers-content: 0.01
wait-peers-service: 0.01
publish-content: 62.04
publish-service: 17.08
unpin: 0.01

Run results:
content-pull: 1.06
service-pull: 0.74
upload-content: 0.02
upload-service: 0.02
service-provide: 11.34
content-provide: 19.46
wait-peers-content: 0.01
wait-peers-service: 0.01
publish-content: 67.99
publish-service: 7.95
unpin: 0.01

Run results:
content-pull: 1.08
service-pull: 0.78
upload-content: 0.07
upload-service: 0.02
service-provide: 6.49
content-provide: 23.53
wait-peers-content: 0.01
wait-peers-service: 0.01
publish-content: 61.66
publish-service: 22.28
unpin: 0.01

Run results:
content-pull: 1.08
service-pull: 0.76
upload-content: 0.05
upload-service: 0.02
service-provide: 9.00
content-provide: 17.99
wait-peers-content: 0.01
wait-peers-service: 0.01
publish-content: 74.60
publish-service: 8.86
unpin: 0.01

Run results:
content-pull: 1.07
service-pull: 0.75
upload-content: 0.05
upload-service: 0.04
service-provide: 10.97
content-provide: 12.72
wait-peers-content: 0.01
wait-peers-service: 0.01
publish-content: 61.48
publish-service: 23.07
unpin: 0.01

Run results:
content-pull: 1.34
service-pull: 0.77
upload-content: 0.02
upload-service: 0.01
service-provide: 21.04
content-provide: 19.91
wait-peers-content: 0.01
wait-peers-service: 0.01
publish-content: 73.81
publish-service: 8.66
unpin: 0.01

Run results:
content-pull: 1.09
service-pull: 0.75
upload-content: 0.05
upload-service: 0.03
service-provide: 9.19
content-provide: 16.63
wait-peers-content: 0.01
wait-peers-service: 0.01
publish-content: 62.16
publish-service: 7.52
unpin: 0.01

Run results:
content-pull: 1.10
service-pull: 0.75
upload-content: 0.07
upload-service: 0.02
service-provide: 19.27
content-provide: 28.32
wait-peers-content: 0.01
wait-peers-service: 0.00
publish-content: 64.17
publish-service: 7.98
unpin: 0.01

Run results:
content-pull: 1.11
service-pull: 0.73
upload-content: 0.03
upload-service: 0.06
service-provide: 10.66
content-provide: 20.42
wait-peers-content: 0.01
wait-peers-service: 0.01
publish-content: 61.89
publish-service: 12.23
unpin: 0.01

Run results:
content-pull: 1.08
service-pull: 0.78
upload-content: 0.03
upload-service: 0.02
service-provide: 11.33
content-provide: 29.60
wait-peers-content: 0.01
wait-peers-service: 0.01
publish-content: 74.00
publish-service: 16.83
unpin: 0.01

Run results:
content-pull: 1.07
service-pull: 0.74
upload-content: 0.04
upload-service: 0.03
service-provide: 10.85
content-provide: 34.27
wait-peers-content: 0.01
wait-peers-service: 0.01
publish-content: 65.21
publish-service: 22.51
unpin: 0.01
